  Codec.cpp
F:\code_review\C++实战\test\EndDecCode\EndDecCode\Codec.h(1,1): warning C4819: 该文件包含不能在当前代码页(936)中表示的字符。请将该文件保存为 Unicode 格式以防止数据丢失
  Message.pb.cc
E:\protobuf\include\google\protobuf\stubs\status.h(97,15): warning C4251: “google::protobuf::util::status_internal::Status::error_message_”:“std::basic_string<char,std::char_traits<char>,std::allocator<char>>”需要有 dll 接口以供“google::protobuf::util::status_internal::Status”的客户端使用
E:\protobuf\include\google\protobuf\stubs\logging.h(100,15): warning C4251: “google::protobuf::internal::LogMessage::message_”:“std::basic_string<char,std::char_traits<char>,std::allocator<char>>”需要有 dll 接口以供“google::protobuf::internal::LogMessage”的客户端使用
E:\protobuf\include\google\protobuf\io\coded_stream.h(1275,28): warning C4251: “google::protobuf::io::CodedOutputStream::default_serialization_deterministic_”:“std::atomic<bool>”需要有 dll 接口以供“google::protobuf::io::CodedOutputStream”的客户端使用
E:\protobuf\include\google\protobuf\arena_impl.h(401,23): warning C4251: “google::protobuf::internal::SerialArena::space_allocated_”:“std::atomic<unsigned __int64>”需要有 dll 接口以供“google::protobuf::internal::SerialArena”的客户端使用
E:\protobuf\include\google\protobuf\arena_impl.h(532,29): warning C4251: “google::protobuf::internal::ThreadSafeArena::alloc_policy_”:“google::protobuf::internal::TaggedAllocationPolicyPtr”需要有 dll 接口以供“google::protobuf::internal::ThreadSafeArena”的客户端使用
E:\protobuf\include\google\protobuf\arena_impl.h(537,29): warning C4251: “google::protobuf::internal::ThreadSafeArena::threads_”:“std::atomic<google::protobuf::internal::SerialArena *>”需要有 dll 接口以供“google::protobuf::internal::ThreadSafeArena”的客户端使用
E:\protobuf\include\google\protobuf\arena_impl.h(538,29): warning C4251: “google::protobuf::internal::ThreadSafeArena::hint_”:“std::atomic<google::protobuf::internal::SerialArena *>”需要有 dll 接口以供“google::protobuf::internal::ThreadSafeArena”的客户端使用
E:\protobuf\include\google\protobuf\arena_impl.h(660,30): warning C4251: “google::protobuf::internal::ThreadSafeArena::arena_stats_”:“google::protobuf::internal::ThreadSafeArenaStatsHandle”需要有 dll 接口以供“google::protobuf::internal::ThreadSafeArena”的客户端使用
E:\protobuf\include\google\protobuf\arenastring.h(82,43): warning C4251: “google::protobuf::internal::LazyString::inited_”:“std::atomic<const std::string *>”需要有 dll 接口以供“google::protobuf::internal::LazyString”的客户端使用
E:\protobuf\include\google\protobuf\arenastring.h(367,19): warning C4251: “google::protobuf::internal::ArenaStringPtr::tagged_ptr_”:“google::protobuf::internal::TaggedStringPtr”需要有 dll 接口以供“google::protobuf::internal::ArenaStringPtr”的客户端使用
E:\protobuf\include\google\protobuf\metadata_lite.h(307,15): warning C4251: “google::protobuf::internal::LiteUnknownFieldSetter::buffer_”:“std::basic_string<char,std::char_traits<char>,std::allocator<char>>”需要有 dll 接口以供“google::protobuf::internal::LiteUnknownFieldSetter”的客户端使用
E:\protobuf\include\google\protobuf\generated_message_util.h(194,20): warning C4251: “google::protobuf::internal::CachedSize::size_”:“std::atomic<int>”需要有 dll 接口以供“google::protobuf::internal::CachedSize”的客户端使用
E:\protobuf\include\google\protobuf\stubs\mutex.h(136,40): warning C4251: “google::protobuf::internal::WrappedMutex::mu_”:“google::protobuf::internal::CallOnceInitializedMutex<std::mutex>”需要有 dll 接口以供“google::protobuf::internal::WrappedMutex”的客户端使用
E:\protobuf\include\google\protobuf\descriptor.h(2063,27): warning C4251: “google::protobuf::DescriptorPool::tables_”:“std::unique_ptr<google::protobuf::DescriptorPool::Tables,std::default_delete<google::protobuf::DescriptorPool::Tables>>”需要有 dll 接口以供“google::protobuf::DescriptorPool”的客户端使用
E:\protobuf\include\google\protobuf\descriptor.h(2073,31): warning C4251: “google::protobuf::DescriptorPool::unused_import_track_files_”:“std::map<std::string,bool,std::less<std::string>,std::allocator<std::pair<const std::string,bool>>>”需要有 dll 接口以供“google::protobuf::DescriptorPool”的客户端使用
E:\protobuf\include\google\protobuf\io\zero_copy_stream_impl_lite.h(247,30): warning C4251: “google::protobuf::io::CopyingInputStreamAdaptor::buffer_”:“std::unique_ptr<uint8_t [],std::default_delete<uint8_t []>>”需要有 dll 接口以供“google::protobuf::io::CopyingInputStreamAdaptor”的客户端使用
E:\protobuf\include\google\protobuf\io\zero_copy_stream_impl_lite.h(338,30): warning C4251: “google::protobuf::io::CopyingOutputStreamAdaptor::buffer_”:“std::unique_ptr<uint8_t [],std::default_delete<uint8_t []>>”需要有 dll 接口以供“google::protobuf::io::CopyingOutputStreamAdaptor”的客户端使用
E:\protobuf\include\google\protobuf\unknown_field_set.h(211,29): warning C4251: “google::protobuf::UnknownFieldSet::fields_”:“std::vector<google::protobuf::UnknownField,std::allocator<google::protobuf::UnknownField>>”需要有 dll 接口以供“google::protobuf::UnknownFieldSet”的客户端使用
E:\protobuf\include\google\protobuf\extension_set.h(1057,26): warning C4251: “google::protobuf::internal::RepeatedPrimitiveDefaults::default_repeated_field_int32_t_”:“google::protobuf::RepeatedField<int32_t>”需要有 dll 接口以供“google::protobuf::internal::RepeatedPrimitiveDefaults”的客户端使用
E:\protobuf\include\google\protobuf\extension_set.h(1058,26): warning C4251: “google::protobuf::internal::RepeatedPrimitiveDefaults::default_repeated_field_int64_t_”:“google::protobuf::RepeatedField<int64_t>”需要有 dll 接口以供“google::protobuf::internal::RepeatedPrimitiveDefaults”的客户端使用
E:\protobuf\include\google\protobuf\extension_set.h(1059,27): warning C4251: “google::protobuf::internal::RepeatedPrimitiveDefaults::default_repeated_field_uint32_t_”:“google::protobuf::RepeatedField<uint32_t>”需要有 dll 接口以供“google::protobuf::internal::RepeatedPrimitiveDefaults”的客户端使用
E:\protobuf\include\google\protobuf\extension_set.h(1060,27): warning C4251: “google::protobuf::internal::RepeatedPrimitiveDefaults::default_repeated_field_uint64_t_”:“google::protobuf::RepeatedField<uint64_t>”需要有 dll 接口以供“google::protobuf::internal::RepeatedPrimitiveDefaults”的客户端使用
E:\protobuf\include\google\protobuf\extension_set.h(1061,25): warning C4251: “google::protobuf::internal::RepeatedPrimitiveDefaults::default_repeated_field_double_”:“google::protobuf::RepeatedField<double>”需要有 dll 接口以供“google::protobuf::internal::RepeatedPrimitiveDefaults”的客户端使用
E:\protobuf\include\google\protobuf\extension_set.h(1062,24): warning C4251: “google::protobuf::internal::RepeatedPrimitiveDefaults::default_repeated_field_float_”:“google::protobuf::RepeatedField<float>”需要有 dll 接口以供“google::protobuf::internal::RepeatedPrimitiveDefaults”的客户端使用
E:\protobuf\include\google\protobuf\extension_set.h(1063,23): warning C4251: “google::protobuf::internal::RepeatedPrimitiveDefaults::default_repeated_field_bool_”:“google::protobuf::RepeatedField<bool>”需要有 dll 接口以供“google::protobuf::internal::RepeatedPrimitiveDefaults”的客户端使用
  Request.cpp
F:\code_review\C++实战\test\EndDecCode\EndDecCode\Codec.h(1,1): warning C4819: 该文件包含不能在当前代码页(936)中表示的字符。请将该文件保存为 Unicode 格式以防止数据丢失
E:\protobuf\include\google\protobuf\stubs\status.h(97,15): warning C4251: “google::protobuf::util::status_internal::Status::error_message_”:“std::basic_string<char,std::char_traits<char>,std::allocator<char>>”需要有 dll 接口以供“google::protobuf::util::status_internal::Status”的客户端使用
E:\protobuf\include\google\protobuf\stubs\logging.h(100,15): warning C4251: “google::protobuf::internal::LogMessage::message_”:“std::basic_string<char,std::char_traits<char>,std::allocator<char>>”需要有 dll 接口以供“google::protobuf::internal::LogMessage”的客户端使用
E:\protobuf\include\google\protobuf\io\coded_stream.h(1275,28): warning C4251: “google::protobuf::io::CodedOutputStream::default_serialization_deterministic_”:“std::atomic<bool>”需要有 dll 接口以供“google::protobuf::io::CodedOutputStream”的客户端使用
E:\protobuf\include\google\protobuf\arena_impl.h(401,23): warning C4251: “google::protobuf::internal::SerialArena::space_allocated_”:“std::atomic<unsigned __int64>”需要有 dll 接口以供“google::protobuf::internal::SerialArena”的客户端使用
E:\protobuf\include\google\protobuf\arena_impl.h(532,29): warning C4251: “google::protobuf::internal::ThreadSafeArena::alloc_policy_”:“google::protobuf::internal::TaggedAllocationPolicyPtr”需要有 dll 接口以供“google::protobuf::internal::ThreadSafeArena”的客户端使用
E:\protobuf\include\google\protobuf\arena_impl.h(537,29): warning C4251: “google::protobuf::internal::ThreadSafeArena::threads_”:“std::atomic<google::protobuf::internal::SerialArena *>”需要有 dll 接口以供“google::protobuf::internal::ThreadSafeArena”的客户端使用
E:\protobuf\include\google\protobuf\arena_impl.h(538,29): warning C4251: “google::protobuf::internal::ThreadSafeArena::hint_”:“std::atomic<google::protobuf::internal::SerialArena *>”需要有 dll 接口以供“google::protobuf::internal::ThreadSafeArena”的客户端使用
E:\protobuf\include\google\protobuf\arena_impl.h(660,30): warning C4251: “google::protobuf::internal::ThreadSafeArena::arena_stats_”:“google::protobuf::internal::ThreadSafeArenaStatsHandle”需要有 dll 接口以供“google::protobuf::internal::ThreadSafeArena”的客户端使用
E:\protobuf\include\google\protobuf\arenastring.h(82,43): warning C4251: “google::protobuf::internal::LazyString::inited_”:“std::atomic<const std::string *>”需要有 dll 接口以供“google::protobuf::internal::LazyString”的客户端使用
E:\protobuf\include\google\protobuf\arenastring.h(367,19): warning C4251: “google::protobuf::internal::ArenaStringPtr::tagged_ptr_”:“google::protobuf::internal::TaggedStringPtr”需要有 dll 接口以供“google::protobuf::internal::ArenaStringPtr”的客户端使用
E:\protobuf\include\google\protobuf\metadata_lite.h(307,15): warning C4251: “google::protobuf::internal::LiteUnknownFieldSetter::buffer_”:“std::basic_string<char,std::char_traits<char>,std::allocator<char>>”需要有 dll 接口以供“google::protobuf::internal::LiteUnknownFieldSetter”的客户端使用
E:\protobuf\include\google\protobuf\generated_message_util.h(194,20): warning C4251: “google::protobuf::internal::CachedSize::size_”:“std::atomic<int>”需要有 dll 接口以供“google::protobuf::internal::CachedSize”的客户端使用
E:\protobuf\include\google\protobuf\stubs\mutex.h(136,40): warning C4251: “google::protobuf::internal::WrappedMutex::mu_”:“google::protobuf::internal::CallOnceInitializedMutex<std::mutex>”需要有 dll 接口以供“google::protobuf::internal::WrappedMutex”的客户端使用
E:\protobuf\include\google\protobuf\descriptor.h(2063,27): warning C4251: “google::protobuf::DescriptorPool::tables_”:“std::unique_ptr<google::protobuf::DescriptorPool::Tables,std::default_delete<google::protobuf::DescriptorPool::Tables>>”需要有 dll 接口以供“google::protobuf::DescriptorPool”的客户端使用
E:\protobuf\include\google\protobuf\descriptor.h(2073,31): warning C4251: “google::protobuf::DescriptorPool::unused_import_track_files_”:“std::map<std::string,bool,std::less<std::string>,std::allocator<std::pair<const std::string,bool>>>”需要有 dll 接口以供“google::protobuf::DescriptorPool”的客户端使用
E:\protobuf\include\google\protobuf\io\zero_copy_stream_impl_lite.h(247,30): warning C4251: “google::protobuf::io::CopyingInputStreamAdaptor::buffer_”:“std::unique_ptr<uint8_t [],std::default_delete<uint8_t []>>”需要有 dll 接口以供“google::protobuf::io::CopyingInputStreamAdaptor”的客户端使用
E:\protobuf\include\google\protobuf\io\zero_copy_stream_impl_lite.h(338,30): warning C4251: “google::protobuf::io::CopyingOutputStreamAdaptor::buffer_”:“std::unique_ptr<uint8_t [],std::default_delete<uint8_t []>>”需要有 dll 接口以供“google::protobuf::io::CopyingOutputStreamAdaptor”的客户端使用
E:\protobuf\include\google\protobuf\unknown_field_set.h(211,29): warning C4251: “google::protobuf::UnknownFieldSet::fields_”:“std::vector<google::protobuf::UnknownField,std::allocator<google::protobuf::UnknownField>>”需要有 dll 接口以供“google::protobuf::UnknownFieldSet”的客户端使用
E:\protobuf\include\google\protobuf\extension_set.h(1057,26): warning C4251: “google::protobuf::internal::RepeatedPrimitiveDefaults::default_repeated_field_int32_t_”:“google::protobuf::RepeatedField<int32_t>”需要有 dll 接口以供“google::protobuf::internal::RepeatedPrimitiveDefaults”的客户端使用
E:\protobuf\include\google\protobuf\extension_set.h(1058,26): warning C4251: “google::protobuf::internal::RepeatedPrimitiveDefaults::default_repeated_field_int64_t_”:“google::protobuf::RepeatedField<int64_t>”需要有 dll 接口以供“google::protobuf::internal::RepeatedPrimitiveDefaults”的客户端使用
E:\protobuf\include\google\protobuf\extension_set.h(1059,27): warning C4251: “google::protobuf::internal::RepeatedPrimitiveDefaults::default_repeated_field_uint32_t_”:“google::protobuf::RepeatedField<uint32_t>”需要有 dll 接口以供“google::protobuf::internal::RepeatedPrimitiveDefaults”的客户端使用
E:\protobuf\include\google\protobuf\extension_set.h(1060,27): warning C4251: “google::protobuf::internal::RepeatedPrimitiveDefaults::default_repeated_field_uint64_t_”:“google::protobuf::RepeatedField<uint64_t>”需要有 dll 接口以供“google::protobuf::internal::RepeatedPrimitiveDefaults”的客户端使用
E:\protobuf\include\google\protobuf\extension_set.h(1061,25): warning C4251: “google::protobuf::internal::RepeatedPrimitiveDefaults::default_repeated_field_double_”:“google::protobuf::RepeatedField<double>”需要有 dll 接口以供“google::protobuf::internal::RepeatedPrimitiveDefaults”的客户端使用
E:\protobuf\include\google\protobuf\extension_set.h(1062,24): warning C4251: “google::protobuf::internal::RepeatedPrimitiveDefaults::default_repeated_field_float_”:“google::protobuf::RepeatedField<float>”需要有 dll 接口以供“google::protobuf::internal::RepeatedPrimitiveDefaults”的客户端使用
E:\protobuf\include\google\protobuf\extension_set.h(1063,23): warning C4251: “google::protobuf::internal::RepeatedPrimitiveDefaults::default_repeated_field_bool_”:“google::protobuf::RepeatedField<bool>”需要有 dll 接口以供“google::protobuf::internal::RepeatedPrimitiveDefaults”的客户端使用
  Response.cpp
F:\code_review\C++实战\test\EndDecCode\EndDecCode\Codec.h(1,1): warning C4819: 该文件包含不能在当前代码页(936)中表示的字符。请将该文件保存为 Unicode 格式以防止数据丢失
E:\protobuf\include\google\protobuf\stubs\status.h(97,15): warning C4251: “google::protobuf::util::status_internal::Status::error_message_”:“std::basic_string<char,std::char_traits<char>,std::allocator<char>>”需要有 dll 接口以供“google::protobuf::util::status_internal::Status”的客户端使用
E:\protobuf\include\google\protobuf\stubs\logging.h(100,15): warning C4251: “google::protobuf::internal::LogMessage::message_”:“std::basic_string<char,std::char_traits<char>,std::allocator<char>>”需要有 dll 接口以供“google::protobuf::internal::LogMessage”的客户端使用
E:\protobuf\include\google\protobuf\io\coded_stream.h(1275,28): warning C4251: “google::protobuf::io::CodedOutputStream::default_serialization_deterministic_”:“std::atomic<bool>”需要有 dll 接口以供“google::protobuf::io::CodedOutputStream”的客户端使用
E:\protobuf\include\google\protobuf\arena_impl.h(401,23): warning C4251: “google::protobuf::internal::SerialArena::space_allocated_”:“std::atomic<unsigned __int64>”需要有 dll 接口以供“google::protobuf::internal::SerialArena”的客户端使用
E:\protobuf\include\google\protobuf\arena_impl.h(532,29): warning C4251: “google::protobuf::internal::ThreadSafeArena::alloc_policy_”:“google::protobuf::internal::TaggedAllocationPolicyPtr”需要有 dll 接口以供“google::protobuf::internal::ThreadSafeArena”的客户端使用
E:\protobuf\include\google\protobuf\arena_impl.h(537,29): warning C4251: “google::protobuf::internal::ThreadSafeArena::threads_”:“std::atomic<google::protobuf::internal::SerialArena *>”需要有 dll 接口以供“google::protobuf::internal::ThreadSafeArena”的客户端使用
E:\protobuf\include\google\protobuf\arena_impl.h(538,29): warning C4251: “google::protobuf::internal::ThreadSafeArena::hint_”:“std::atomic<google::protobuf::internal::SerialArena *>”需要有 dll 接口以供“google::protobuf::internal::ThreadSafeArena”的客户端使用
E:\protobuf\include\google\protobuf\arena_impl.h(660,30): warning C4251: “google::protobuf::internal::ThreadSafeArena::arena_stats_”:“google::protobuf::internal::ThreadSafeArenaStatsHandle”需要有 dll 接口以供“google::protobuf::internal::ThreadSafeArena”的客户端使用
E:\protobuf\include\google\protobuf\arenastring.h(82,43): warning C4251: “google::protobuf::internal::LazyString::inited_”:“std::atomic<const std::string *>”需要有 dll 接口以供“google::protobuf::internal::LazyString”的客户端使用
E:\protobuf\include\google\protobuf\arenastring.h(367,19): warning C4251: “google::protobuf::internal::ArenaStringPtr::tagged_ptr_”:“google::protobuf::internal::TaggedStringPtr”需要有 dll 接口以供“google::protobuf::internal::ArenaStringPtr”的客户端使用
E:\protobuf\include\google\protobuf\metadata_lite.h(307,15): warning C4251: “google::protobuf::internal::LiteUnknownFieldSetter::buffer_”:“std::basic_string<char,std::char_traits<char>,std::allocator<char>>”需要有 dll 接口以供“google::protobuf::internal::LiteUnknownFieldSetter”的客户端使用
E:\protobuf\include\google\protobuf\generated_message_util.h(194,20): warning C4251: “google::protobuf::internal::CachedSize::size_”:“std::atomic<int>”需要有 dll 接口以供“google::protobuf::internal::CachedSize”的客户端使用
E:\protobuf\include\google\protobuf\stubs\mutex.h(136,40): warning C4251: “google::protobuf::internal::WrappedMutex::mu_”:“google::protobuf::internal::CallOnceInitializedMutex<std::mutex>”需要有 dll 接口以供“google::protobuf::internal::WrappedMutex”的客户端使用
E:\protobuf\include\google\protobuf\descriptor.h(2063,27): warning C4251: “google::protobuf::DescriptorPool::tables_”:“std::unique_ptr<google::protobuf::DescriptorPool::Tables,std::default_delete<google::protobuf::DescriptorPool::Tables>>”需要有 dll 接口以供“google::protobuf::DescriptorPool”的客户端使用
E:\protobuf\include\google\protobuf\descriptor.h(2073,31): warning C4251: “google::protobuf::DescriptorPool::unused_import_track_files_”:“std::map<std::string,bool,std::less<std::string>,std::allocator<std::pair<const std::string,bool>>>”需要有 dll 接口以供“google::protobuf::DescriptorPool”的客户端使用
E:\protobuf\include\google\protobuf\io\zero_copy_stream_impl_lite.h(247,30): warning C4251: “google::protobuf::io::CopyingInputStreamAdaptor::buffer_”:“std::unique_ptr<uint8_t [],std::default_delete<uint8_t []>>”需要有 dll 接口以供“google::protobuf::io::CopyingInputStreamAdaptor”的客户端使用
E:\protobuf\include\google\protobuf\io\zero_copy_stream_impl_lite.h(338,30): warning C4251: “google::protobuf::io::CopyingOutputStreamAdaptor::buffer_”:“std::unique_ptr<uint8_t [],std::default_delete<uint8_t []>>”需要有 dll 接口以供“google::protobuf::io::CopyingOutputStreamAdaptor”的客户端使用
E:\protobuf\include\google\protobuf\unknown_field_set.h(211,29): warning C4251: “google::protobuf::UnknownFieldSet::fields_”:“std::vector<google::protobuf::UnknownField,std::allocator<google::protobuf::UnknownField>>”需要有 dll 接口以供“google::protobuf::UnknownFieldSet”的客户端使用
E:\protobuf\include\google\protobuf\extension_set.h(1057,26): warning C4251: “google::protobuf::internal::RepeatedPrimitiveDefaults::default_repeated_field_int32_t_”:“google::protobuf::RepeatedField<int32_t>”需要有 dll 接口以供“google::protobuf::internal::RepeatedPrimitiveDefaults”的客户端使用
E:\protobuf\include\google\protobuf\extension_set.h(1058,26): warning C4251: “google::protobuf::internal::RepeatedPrimitiveDefaults::default_repeated_field_int64_t_”:“google::protobuf::RepeatedField<int64_t>”需要有 dll 接口以供“google::protobuf::internal::RepeatedPrimitiveDefaults”的客户端使用
E:\protobuf\include\google\protobuf\extension_set.h(1059,27): warning C4251: “google::protobuf::internal::RepeatedPrimitiveDefaults::default_repeated_field_uint32_t_”:“google::protobuf::RepeatedField<uint32_t>”需要有 dll 接口以供“google::protobuf::internal::RepeatedPrimitiveDefaults”的客户端使用
E:\protobuf\include\google\protobuf\extension_set.h(1060,27): warning C4251: “google::protobuf::internal::RepeatedPrimitiveDefaults::default_repeated_field_uint64_t_”:“google::protobuf::RepeatedField<uint64_t>”需要有 dll 接口以供“google::protobuf::internal::RepeatedPrimitiveDefaults”的客户端使用
E:\protobuf\include\google\protobuf\extension_set.h(1061,25): warning C4251: “google::protobuf::internal::RepeatedPrimitiveDefaults::default_repeated_field_double_”:“google::protobuf::RepeatedField<double>”需要有 dll 接口以供“google::protobuf::internal::RepeatedPrimitiveDefaults”的客户端使用
E:\protobuf\include\google\protobuf\extension_set.h(1062,24): warning C4251: “google::protobuf::internal::RepeatedPrimitiveDefaults::default_repeated_field_float_”:“google::protobuf::RepeatedField<float>”需要有 dll 接口以供“google::protobuf::internal::RepeatedPrimitiveDefaults”的客户端使用
E:\protobuf\include\google\protobuf\extension_set.h(1063,23): warning C4251: “google::protobuf::internal::RepeatedPrimitiveDefaults::default_repeated_field_bool_”:“google::protobuf::RepeatedField<bool>”需要有 dll 接口以供“google::protobuf::internal::RepeatedPrimitiveDefaults”的客户端使用
  test.cpp
F:\code_review\C++实战\test\EndDecCode\EndDecCode\Codec.h(1,1): warning C4819: 该文件包含不能在当前代码页(936)中表示的字符。请将该文件保存为 Unicode 格式以防止数据丢失
E:\protobuf\include\google\protobuf\stubs\status.h(97,15): warning C4251: “google::protobuf::util::status_internal::Status::error_message_”:“std::basic_string<char,std::char_traits<char>,std::allocator<char>>”需要有 dll 接口以供“google::protobuf::util::status_internal::Status”的客户端使用
E:\protobuf\include\google\protobuf\stubs\logging.h(100,15): warning C4251: “google::protobuf::internal::LogMessage::message_”:“std::basic_string<char,std::char_traits<char>,std::allocator<char>>”需要有 dll 接口以供“google::protobuf::internal::LogMessage”的客户端使用
E:\protobuf\include\google\protobuf\io\coded_stream.h(1275,28): warning C4251: “google::protobuf::io::CodedOutputStream::default_serialization_deterministic_”:“std::atomic<bool>”需要有 dll 接口以供“google::protobuf::io::CodedOutputStream”的客户端使用
E:\protobuf\include\google\protobuf\arena_impl.h(401,23): warning C4251: “google::protobuf::internal::SerialArena::space_allocated_”:“std::atomic<unsigned __int64>”需要有 dll 接口以供“google::protobuf::internal::SerialArena”的客户端使用
E:\protobuf\include\google\protobuf\arena_impl.h(532,29): warning C4251: “google::protobuf::internal::ThreadSafeArena::alloc_policy_”:“google::protobuf::internal::TaggedAllocationPolicyPtr”需要有 dll 接口以供“google::protobuf::internal::ThreadSafeArena”的客户端使用
E:\protobuf\include\google\protobuf\arena_impl.h(537,29): warning C4251: “google::protobuf::internal::ThreadSafeArena::threads_”:“std::atomic<google::protobuf::internal::SerialArena *>”需要有 dll 接口以供“google::protobuf::internal::ThreadSafeArena”的客户端使用
E:\protobuf\include\google\protobuf\arena_impl.h(538,29): warning C4251: “google::protobuf::internal::ThreadSafeArena::hint_”:“std::atomic<google::protobuf::internal::SerialArena *>”需要有 dll 接口以供“google::protobuf::internal::ThreadSafeArena”的客户端使用
E:\protobuf\include\google\protobuf\arena_impl.h(660,30): warning C4251: “google::protobuf::internal::ThreadSafeArena::arena_stats_”:“google::protobuf::internal::ThreadSafeArenaStatsHandle”需要有 dll 接口以供“google::protobuf::internal::ThreadSafeArena”的客户端使用
E:\protobuf\include\google\protobuf\arenastring.h(82,43): warning C4251: “google::protobuf::internal::LazyString::inited_”:“std::atomic<const std::string *>”需要有 dll 接口以供“google::protobuf::internal::LazyString”的客户端使用
E:\protobuf\include\google\protobuf\arenastring.h(367,19): warning C4251: “google::protobuf::internal::ArenaStringPtr::tagged_ptr_”:“google::protobuf::internal::TaggedStringPtr”需要有 dll 接口以供“google::protobuf::internal::ArenaStringPtr”的客户端使用
E:\protobuf\include\google\protobuf\metadata_lite.h(307,15): warning C4251: “google::protobuf::internal::LiteUnknownFieldSetter::buffer_”:“std::basic_string<char,std::char_traits<char>,std::allocator<char>>”需要有 dll 接口以供“google::protobuf::internal::LiteUnknownFieldSetter”的客户端使用
E:\protobuf\include\google\protobuf\generated_message_util.h(194,20): warning C4251: “google::protobuf::internal::CachedSize::size_”:“std::atomic<int>”需要有 dll 接口以供“google::protobuf::internal::CachedSize”的客户端使用
E:\protobuf\include\google\protobuf\stubs\mutex.h(136,40): warning C4251: “google::protobuf::internal::WrappedMutex::mu_”:“google::protobuf::internal::CallOnceInitializedMutex<std::mutex>”需要有 dll 接口以供“google::protobuf::internal::WrappedMutex”的客户端使用
E:\protobuf\include\google\protobuf\descriptor.h(2063,27): warning C4251: “google::protobuf::DescriptorPool::tables_”:“std::unique_ptr<google::protobuf::DescriptorPool::Tables,std::default_delete<google::protobuf::DescriptorPool::Tables>>”需要有 dll 接口以供“google::protobuf::DescriptorPool”的客户端使用
E:\protobuf\include\google\protobuf\descriptor.h(2073,31): warning C4251: “google::protobuf::DescriptorPool::unused_import_track_files_”:“std::map<std::string,bool,std::less<std::string>,std::allocator<std::pair<const std::string,bool>>>”需要有 dll 接口以供“google::protobuf::DescriptorPool”的客户端使用
E:\protobuf\include\google\protobuf\io\zero_copy_stream_impl_lite.h(247,30): warning C4251: “google::protobuf::io::CopyingInputStreamAdaptor::buffer_”:“std::unique_ptr<uint8_t [],std::default_delete<uint8_t []>>”需要有 dll 接口以供“google::protobuf::io::CopyingInputStreamAdaptor”的客户端使用
E:\protobuf\include\google\protobuf\io\zero_copy_stream_impl_lite.h(338,30): warning C4251: “google::protobuf::io::CopyingOutputStreamAdaptor::buffer_”:“std::unique_ptr<uint8_t [],std::default_delete<uint8_t []>>”需要有 dll 接口以供“google::protobuf::io::CopyingOutputStreamAdaptor”的客户端使用
E:\protobuf\include\google\protobuf\unknown_field_set.h(211,29): warning C4251: “google::protobuf::UnknownFieldSet::fields_”:“std::vector<google::protobuf::UnknownField,std::allocator<google::protobuf::UnknownField>>”需要有 dll 接口以供“google::protobuf::UnknownFieldSet”的客户端使用
E:\protobuf\include\google\protobuf\extension_set.h(1057,26): warning C4251: “google::protobuf::internal::RepeatedPrimitiveDefaults::default_repeated_field_int32_t_”:“google::protobuf::RepeatedField<int32_t>”需要有 dll 接口以供“google::protobuf::internal::RepeatedPrimitiveDefaults”的客户端使用
E:\protobuf\include\google\protobuf\extension_set.h(1058,26): warning C4251: “google::protobuf::internal::RepeatedPrimitiveDefaults::default_repeated_field_int64_t_”:“google::protobuf::RepeatedField<int64_t>”需要有 dll 接口以供“google::protobuf::internal::RepeatedPrimitiveDefaults”的客户端使用
E:\protobuf\include\google\protobuf\extension_set.h(1059,27): warning C4251: “google::protobuf::internal::RepeatedPrimitiveDefaults::default_repeated_field_uint32_t_”:“google::protobuf::RepeatedField<uint32_t>”需要有 dll 接口以供“google::protobuf::internal::RepeatedPrimitiveDefaults”的客户端使用
E:\protobuf\include\google\protobuf\extension_set.h(1060,27): warning C4251: “google::protobuf::internal::RepeatedPrimitiveDefaults::default_repeated_field_uint64_t_”:“google::protobuf::RepeatedField<uint64_t>”需要有 dll 接口以供“google::protobuf::internal::RepeatedPrimitiveDefaults”的客户端使用
E:\protobuf\include\google\protobuf\extension_set.h(1061,25): warning C4251: “google::protobuf::internal::RepeatedPrimitiveDefaults::default_repeated_field_double_”:“google::protobuf::RepeatedField<double>”需要有 dll 接口以供“google::protobuf::internal::RepeatedPrimitiveDefaults”的客户端使用
E:\protobuf\include\google\protobuf\extension_set.h(1062,24): warning C4251: “google::protobuf::internal::RepeatedPrimitiveDefaults::default_repeated_field_float_”:“google::protobuf::RepeatedField<float>”需要有 dll 接口以供“google::protobuf::internal::RepeatedPrimitiveDefaults”的客户端使用
E:\protobuf\include\google\protobuf\extension_set.h(1063,23): warning C4251: “google::protobuf::internal::RepeatedPrimitiveDefaults::default_repeated_field_bool_”:“google::protobuf::RepeatedField<bool>”需要有 dll 接口以供“google::protobuf::internal::RepeatedPrimitiveDefaults”的客户端使用
  正在生成代码...
  EndDecCode.vcxproj -> F:\code_review\C++实战\test\EndDecCode\x64\Debug\EndDecCode.exe
